-------------------------------------------------------------------------------
Test set: tasks.model.NewEditControllerTest
-------------------------------------------------------------------------------
Tests run: 1, Failures: 0, Errors: 1, Skipped: 0, Time elapsed: 0.01 s <<< FAILURE! - in tasks.model.NewEditControllerTest
addTask  Time elapsed: 0.006 s  <<< ERROR!
java.lang.reflect.InaccessibleObjectException: Unable to make tasks.model.NewEditControllerTest() accessible: module tasks does not "opens tasks.model" to unnamed module @19bb07ed

